 Enter input filename (assumed to be in infiles dir)
 infiles/carbon_foil.inp                                                         opened
 !
 !------------------------------------------------------------------------------
 ! Input file for MC_HRS_SINGLE
 ! C12 target and hall coordinate is same as in data
 !------------------------------------------------------------------------------
      1000	Monte-Carlo trials
      2000.0	Spectrometer momentum (in MeV/c)
      30.0	Spectrometer angle (in degrees)
     -10.0	M.C. DP/P  down limit
      10.0	M.C. DP/P  up   limit
     -100.0	M.C. Theta down limit (mr)
      100.0	M.C. Theta down limit (mr)
     -100.0	M.C. Phi down limit (mr)
      100.0	M.C. Phi down limit (mr)
      0.008868	Horiz beam spot size in cm (Full width of +/- 1 sigma)
      0.004235	Vert  beam spot size in cm (Full width of +/- 1 sigma)
      0.025      Thickness of target (Full width, cm)
      0.0        Raster half-width x (cm)
      0.0        Raster half-width y (cm)
      50.0	DP/P  reconstruction cut (half width in % )
      100.0	Theta reconstruction cut (half width in mr)
      100.0	Phi   reconstruction cut (half width in mr)
      50.0	ZTGT  reconstruction cut (Half width in cm)
      19.32	one radiation length of target material (in cm)
      0.0509     Beam x offset (cm)  +x = beam left
      0.0849	Beam y offset (cm)  +y = up
      0.0        Target z offset (cm)+z = downstream (0.25)
      0.0        Spectrometer x offset (cm) +x = down
      0.0        Spectrometer y offset (cm)
      0.0        Spectrometer z offset (cm)
      0.0        Spectrometer xp offset (mr)
      0.0        Spectrometer yp offset (mr)
      0		particle identification :e=0, p=1, d=2, pi=3, ka=4
      1		flag for multiple scattering
      1		flag for wire chamber smearing
      0          flag for dumping all events into NTUPLE
      0          collimator option: 0=Wide Open, 1=Collimator, 2=Sieve, 3=Ext Sieve, 4=GMP Sieve
      1          flag for using state file for random number generation
      0          flag for taking input from data file
 Random state restored from infiles/rand.dat
 Transformation #1 is NOT a drift
 Transformation #4 is NOT a drift
 Transformation #7 is NOT a drift
 Transformation #1 is NOT a drift
 Transformation #1 is NOT a drift
 Transformation #1 is NOT a drift
 Transformation #1 is NOT a drift
 Transformation #1 is NOT a drift
 Transformation #4 is NOT a drift
 Transformation #7 is NOT a drift
 Transformation #9 is NOT a drift
 Transformation #1 is NOT a drift
 Transformation #4 is NOT a drift
 Transformation #7 is NOT a drift
 Transformation #9 is NOT a drift
 Transformation #12 is NOT a drift
 Transformation #1 is NOT a drift
 Transformation #1 is NOT a drift
 Transformation #1 is NOT a drift
 Transformation #4 is NOT a drift
 Transformation #1 is NOT a drift
 Transformation #1 is NOT a drift
 Transformation #1 is NOT a drift
 Transformation #1 is NOT a drift
 Transformation #1 is NOT a drift
 Transformation #1 is NOT a drift
 Transformation #1 is NOT a drift
 Transformation #1 is NOT a drift
 Transformation #1 is NOT a drift
 Transformation #1 is NOT a drift
 Transformation #4 is NOT a drift
 Transformation #1 is NOT a drift
 Transformation #4 is NOT a drift
 Transformation #7 is NOT a drift
 Transformation #1 is NOT a drift
 Transformation #4 is NOT a drift
 Transformation #7 is NOT a drift
 Transformation #9 is NOT a drift
 Transformation #1 is NOT a drift
 Transformation #4 is NOT a drift
 Transformation #1 is NOT a drift
 Transformation #1 is NOT a drift
 Transformation #1 is NOT a drift
 Transformation #1 is NOT a drift
 Transformation #1 is NOT a drift
 Transformation #4 is NOT a drift
 Transformation #1 is NOT a drift
 Transformation #4 is NOT a drift
 Transformation #7 is NOT a drift
 Transformation #9 is NOT a drift
 Transformation #1 is NOT a drift
 Transformation #1 is NOT a drift
 Transformation #4 is NOT a drift
 Transformation #7 is NOT a drift
 Transformation #1 is NOT a drift
 Transformation #1 is NOT a drift
 Transformation #1 is NOT a drift
 Transformation #1 is NOT a drift
 Transformation #1 is NOT a drift
 Transformation #1 is NOT a drift
 Transformation #1 is NOT a drift
 Transformation #1 is NOT a drift
 Transformation #1 is NOT a drift
 Transformation #1 is NOT a drift
 Transformation #1 is NOT a drift
 Transformation #4 is NOT a drift
 Transformation #1 is NOT a drift
 Transformation #1 is NOT a drift
 Transformation #1 is NOT a drift
 Transformation #1 is NOT a drift
 Transformation #4 is NOT a drift
 Transformation #7 is NOT a drift
 Transformation #1 is NOT a drift
 Transformation #1 is NOT a drift
 Transformation #1 is NOT a drift
 Transformation #1 is NOT a drift
 Transformation #1 is NOT a drift
 Transformation #1 is NOT a drift
 Transformation #4 is NOT a drift
 Transformation #7 is NOT a drift
 Transformation #9 is NOT a drift
 Transformation #1 is NOT a drift
 Transformation #1 is NOT a drift
 Transformation #4 is NOT a drift
 Transformation #7 is NOT a drift
 Transformation #1 is NOT a drift
 Transformation #1 is NOT a drift
 Transformation #4 is NOT a drift
 Transformation #7 is NOT a drift
 Transformation #9 is NOT a drift
 Transformation #12 is NOT a drift
 Transformation #1 is NOT a drift
 Transformation #1 is NOT a drift
 Transformation #1 is NOT a drift
 Transformation #1 is NOT a drift
 Transformation #1 is NOT a drift
 Transformation #1 is NOT a drift
 Transformation #1 is NOT a drift
 Transformation #4 is NOT a drift
 Transformation #7 is NOT a drift
 Transformation #9 is NOT a drift
 Transformation #12 is NOT a drift
 Transformation #1 is NOT a drift
 Transformation #1 is NOT a drift
 Transformation #4 is NOT a drift
 Transformation #7 is NOT a drift
 Transformation #9 is NOT a drift
 Transformation #12 is NOT a drift
 Transformation #1 is NOT a drift
 Transformation #1 is NOT a drift
 Transformation #1 is NOT a drift
 Transformation #4 is NOT a drift
 Transformation #7 is NOT a drift
 Transformation #9 is NOT a drift
 Transformation #12 is NOT a drift
 Transformation #1 is NOT a drift
 Transformation #4 is NOT a drift
 Transformation #7 is NOT a drift
 Transformation #9 is NOT a drift
 Transformation #12 is NOT a drift
 Transformation #1 is NOT a drift
 Transformation #1 is NOT a drift
 Transformation #1 is NOT a drift
 Transformation #4 is NOT a drift
 Transformation #7 is NOT a drift
 Transformation #9 is NOT a drift
 Transformation #12 is NOT a drift
 Transformation #1 is NOT a drift
 Transformation #4 is NOT a drift
 Transformation #7 is NOT a drift
 Transformation #9 is NOT a drift
 Transformation #1 is NOT a drift
 Transformation #1 is NOT a drift
 Transformation #4 is NOT a drift
 Transformation #7 is NOT a drift
 Transformation #1 is NOT a drift
 Transformation #4 is NOT a drift
 Transformation #7 is NOT a drift
 Transformation #9 is NOT a drift
 Transformation #12 is NOT a drift
 Transformation #1 is NOT a drift
 Transformation #4 is NOT a drift
 Transformation #7 is NOT a drift
 Transformation #9 is NOT a drift
 Transformation #12 is NOT a drift
 Transformation #1 is NOT a drift
 Transformation #4 is NOT a drift
 Transformation #7 is NOT a drift
 Transformation #9 is NOT a drift
 Transformation #12 is NOT a drift
 Transformation #1 is NOT a drift
 Transformation #4 is NOT a drift
 Transformation #1 is NOT a drift
 Transformation #1 is NOT a drift
 Transformation #1 is NOT a drift
 Transformation #1 is NOT a drift
 Transformation #1 is NOT a drift
 Transformation #1 is NOT a drift
 Transformation #4 is NOT a drift
 Transformation #7 is NOT a drift
 Transformation #9 is NOT a drift
 Transformation #12 is NOT a drift
 Transformation #1 is NOT a drift
 Transformation #1 is NOT a drift
 Transformation #1 is NOT a drift
 Transformation #1 is NOT a drift
 Transformation #1 is NOT a drift
 Transformation #1 is NOT a drift
 Transformation #1 is NOT a drift
 Transformation #1 is NOT a drift
 Transformation #1 is NOT a drift
 Transformation #1 is NOT a drift
 Transformation #1 is NOT a drift
 Transformation #4 is NOT a drift
 Transformation #7 is NOT a drift
 Transformation #1 is NOT a drift
 Transformation #1 is NOT a drift
 Transformation #4 is NOT a drift
 Transformation #7 is NOT a drift
 Transformation #9 is NOT a drift
 Transformation #12 is NOT a drift
 Transformation #1 is NOT a drift
 Transformation #1 is NOT a drift
 Transformation #1 is NOT a drift
 Transformation #1 is NOT a drift
 Transformation #1 is NOT a drift
 Transformation #1 is NOT a drift
 Transformation #1 is NOT a drift
 Transformation #1 is NOT a drift
 Transformation #4 is NOT a drift
 Transformation #7 is NOT a drift
 Transformation #9 is NOT a drift
 Transformation #12 is NOT a drift
 Transformation #1 is NOT a drift
 Transformation #1 is NOT a drift
 Transformation #4 is NOT a drift
 Transformation #7 is NOT a drift
 Transformation #1 is NOT a drift
 Transformation #4 is NOT a drift
 Transformation #1 is NOT a drift
 Transformation #1 is NOT a drift
 Transformation #4 is NOT a drift
 Transformation #7 is NOT a drift
 Transformation #9 is NOT a drift
 Transformation #12 is NOT a drift
 Transformation #1 is NOT a drift
 Transformation #1 is NOT a drift
 Transformation #1 is NOT a drift
 Transformation #1 is NOT a drift
 Transformation #1 is NOT a drift
 Transformation #1 is NOT a drift
 Transformation #4 is NOT a drift
 Transformation #7 is NOT a drift
 Transformation #9 is NOT a drift
 Transformation #12 is NOT a drift
 Transformation #1 is NOT a drift
 Transformation #1 is NOT a drift
 Transformation #1 is NOT a drift
 Transformation #1 is NOT a drift
 Transformation #4 is NOT a drift
 Transformation #7 is NOT a drift
 Transformation #9 is NOT a drift
 Transformation #12 is NOT a drift
 Transformation #1 is NOT a drift
 Transformation #1 is NOT a drift
 Transformation #1 is NOT a drift
 Transformation #4 is NOT a drift
 Transformation #7 is NOT a drift
 Transformation #9 is NOT a drift
 Transformation #12 is NOT a drift
 Transformation #1 is NOT a drift
 Transformation #1 is NOT a drift
 Transformation #4 is NOT a drift
 Transformation #7 is NOT a drift
 Transformation #9 is NOT a drift
 Transformation #1 is NOT a drift
 Transformation #1 is NOT a drift
 Transformation #1 is NOT a drift
 Transformation #1 is NOT a drift
 Transformation #1 is NOT a drift
 Transformation #4 is NOT a drift
 Transformation #1 is NOT a drift
 Transformation #1 is NOT a drift
 Transformation #1 is NOT a drift
 Transformation #1 is NOT a drift
 Transformation #1 is NOT a drift
 Transformation #4 is NOT a drift
 Transformation #7 is NOT a drift
 Transformation #9 is NOT a drift
 Transformation #12 is NOT a drift
 Transformation #1 is NOT a drift
 Transformation #1 is NOT a drift
 Transformation #1 is NOT a drift
 Transformation #1 is NOT a drift
 Transformation #1 is NOT a drift
 Transformation #1 is NOT a drift
 Transformation #1 is NOT a drift
 Transformation #1 is NOT a drift
 Transformation #1 is NOT a drift
 Transformation #4 is NOT a drift
 Transformation #7 is NOT a drift
 Transformation #9 is NOT a drift
 Transformation #12 is NOT a drift
 Transformation #1 is NOT a drift
 Transformation #1 is NOT a drift
 Transformation #1 is NOT a drift
 Transformation #1 is NOT a drift
 Transformation #1 is NOT a drift
 Transformation #1 is NOT a drift
 Transformation #1 is NOT a drift
 Transformation #4 is NOT a drift
 Transformation #7 is NOT a drift
 Transformation #9 is NOT a drift
 Transformation #12 is NOT a drift
 Transformation #1 is NOT a drift
 Transformation #1 is NOT a drift
 Transformation #1 is NOT a drift
 Transformation #1 is NOT a drift
 Transformation #1 is NOT a drift
 Transformation #4 is NOT a drift
 Transformation #7 is NOT a drift
 Transformation #9 is NOT a drift
 Transformation #12 is NOT a drift
 Transformation #1 is NOT a drift
 Transformation #1 is NOT a drift
 Transformation #4 is NOT a drift
 Transformation #7 is NOT a drift
 Transformation #9 is NOT a drift
 Transformation #12 is NOT a drift
 Transformation #1 is NOT a drift
 Transformation #4 is NOT a drift
 Transformation #7 is NOT a drift
 Transformation #9 is NOT a drift
 Transformation #12 is NOT a drift
 Transformation #1 is NOT a drift
 Transformation #1 is NOT a drift
 Transformation #1 is NOT a drift
 Transformation #4 is NOT a drift
 Transformation #7 is NOT a drift
 Transformation #9 is NOT a drift
 Transformation #12 is NOT a drift
 Transformation #1 is NOT a drift
 Transformation #1 is NOT a drift
 Transformation #1 is NOT a drift
 Transformation #1 is NOT a drift
 Transformation #1 is NOT a drift
 Transformation #1 is NOT a drift
 Transformation #1 is NOT a drift
 Transformation #4 is NOT a drift
 Transformation #7 is NOT a drift
 Transformation #9 is NOT a drift
 Transformation #12 is NOT a drift
 Transformation #1 is NOT a drift
 Transformation #4 is NOT a drift
 Transformation #1 is NOT a drift
 Transformation #4 is NOT a drift
 Transformation #7 is NOT a drift
 Transformation #9 is NOT a drift
 Transformation #1 is NOT a drift
 Transformation #1 is NOT a drift
 Transformation #1 is NOT a drift
 Transformation #1 is NOT a drift
 Transformation #1 is NOT a drift
 Transformation #1 is NOT a drift
 Transformation #4 is NOT a drift
 Transformation #7 is NOT a drift
 Transformation #9 is NOT a drift
 Transformation #1 is NOT a drift
 Transformation #4 is NOT a drift
 Transformation #7 is NOT a drift
 Transformation #1 is NOT a drift
 Transformation #4 is NOT a drift
 Transformation #7 is NOT a drift
 Transformation #9 is NOT a drift
 Transformation #1 is NOT a drift
 Transformation #1 is NOT a drift
 Transformation #4 is NOT a drift
 Transformation #7 is NOT a drift
 Transformation #9 is NOT a drift
 Transformation #12 is NOT a drift
 Transformation #1 is NOT a drift
 Transformation #1 is NOT a drift
 Transformation #4 is NOT a drift
 Transformation #7 is NOT a drift
 Transformation #9 is NOT a drift
 Transformation #12 is NOT a drift
 Transformation #1 is NOT a drift
 Transformation #1 is NOT a drift
 Transformation #4 is NOT a drift
 Transformation #7 is NOT a drift
 Transformation #9 is NOT a drift
 Transformation #1 is NOT a drift
 Transformation #4 is NOT a drift
 Transformation #7 is NOT a drift
 Transformation #9 is NOT a drift
 Transformation #12 is NOT a drift
 Transformation #1 is NOT a drift
 Transformation #1 is NOT a drift
 Transformation #1 is NOT a drift
 Transformation #4 is NOT a drift
 Transformation #7 is NOT a drift
 Transformation #9 is NOT a drift
 Transformation #12 is NOT a drift
 Transformation #1 is NOT a drift
 Transformation #1 is NOT a drift
 Transformation #4 is NOT a drift
 Transformation #7 is NOT a drift
 Transformation #9 is NOT a drift
 Transformation #12 is NOT a drift
 Transformation #1 is NOT a drift
 Transformation #1 is NOT a drift
 Transformation #1 is NOT a drift
 Transformation #4 is NOT a drift
 Transformation #7 is NOT a drift
 Transformation #9 is NOT a drift
 Transformation #12 is NOT a drift
 Transformation #1 is NOT a drift
 Transformation #1 is NOT a drift
 Transformation #1 is NOT a drift
 Transformation #1 is NOT a drift
 Transformation #4 is NOT a drift
 Transformation #7 is NOT a drift
 Transformation #9 is NOT a drift
 Transformation #1 is NOT a drift
 Transformation #4 is NOT a drift
 Transformation #7 is NOT a drift
 Transformation #9 is NOT a drift
 Transformation #12 is NOT a drift
 Transformation #1 is NOT a drift
 Transformation #1 is NOT a drift
 Transformation #1 is NOT a drift
 Transformation #1 is NOT a drift
 Transformation #1 is NOT a drift
 Transformation #4 is NOT a drift
 Transformation #7 is NOT a drift
 Transformation #9 is NOT a drift
 Transformation #1 is NOT a drift
 Transformation #1 is NOT a drift
 Transformation #4 is NOT a drift
 Transformation #7 is NOT a drift
 Transformation #9 is NOT a drift
 Transformation #12 is NOT a drift
 Transformation #1 is NOT a drift
 Transformation #1 is NOT a drift
 Transformation #1 is NOT a drift
 Transformation #1 is NOT a drift
 Transformation #4 is NOT a drift
 Transformation #7 is NOT a drift
 Transformation #9 is NOT a drift
 Transformation #12 is NOT a drift
 Transformation #1 is NOT a drift
 Transformation #1 is NOT a drift
 Transformation #1 is NOT a drift
 Transformation #4 is NOT a drift
 Transformation #7 is NOT a drift
 Transformation #9 is NOT a drift
 Transformation #1 is NOT a drift
 Transformation #1 is NOT a drift
 Transformation #1 is NOT a drift
 Transformation #1 is NOT a drift
 Transformation #1 is NOT a drift
 Transformation #1 is NOT a drift
 Transformation #1 is NOT a drift
 Transformation #4 is NOT a drift
 Transformation #7 is NOT a drift
 Transformation #1 is NOT a drift
 Transformation #1 is NOT a drift
 Transformation #1 is NOT a drift
 Transformation #1 is NOT a drift
 Transformation #1 is NOT a drift
 Transformation #1 is NOT a drift
 Transformation #1 is NOT a drift
 Transformation #1 is NOT a drift
 Transformation #1 is NOT a drift
 Transformation #1 is NOT a drift
 Transformation #4 is NOT a drift
 Transformation #7 is NOT a drift
 Transformation #9 is NOT a drift
 Transformation #12 is NOT a drift
 Transformation #1 is NOT a drift
 Transformation #1 is NOT a drift
 Transformation #4 is NOT a drift
 Transformation #1 is NOT a drift
 Transformation #1 is NOT a drift
 Transformation #1 is NOT a drift
 Transformation #1 is NOT a drift
 Transformation #1 is NOT a drift
 Transformation #1 is NOT a drift
 Transformation #1 is NOT a drift
 Transformation #4 is NOT a drift
 Transformation #7 is NOT a drift
 Transformation #9 is NOT a drift
 Transformation #1 is NOT a drift
 Transformation #1 is NOT a drift
 Transformation #1 is NOT a drift
 Transformation #4 is NOT a drift
 Transformation #7 is NOT a drift
 Transformation #1 is NOT a drift
 Transformation #4 is NOT a drift
 Transformation #1 is NOT a drift
 Transformation #1 is NOT a drift
 Transformation #1 is NOT a drift
 Transformation #4 is NOT a drift
 Transformation #7 is NOT a drift
 Transformation #9 is NOT a drift
 Transformation #12 is NOT a drift
 Transformation #1 is NOT a drift
 Transformation #1 is NOT a drift
 Transformation #4 is NOT a drift
 Transformation #7 is NOT a drift
 Transformation #9 is NOT a drift
 Transformation #12 is NOT a drift
 Transformation #1 is NOT a drift
 Transformation #1 is NOT a drift
 Transformation #1 is NOT a drift
 Transformation #1 is NOT a drift
 Transformation #1 is NOT a drift
 Transformation #1 is NOT a drift
 Transformation #4 is NOT a drift
 Transformation #7 is NOT a drift
 Transformation #9 is NOT a drift
 Transformation #12 is NOT a drift
 Transformation #1 is NOT a drift
 Transformation #1 is NOT a drift
 Transformation #1 is NOT a drift
 Transformation #1 is NOT a drift
 Transformation #4 is NOT a drift
 Transformation #7 is NOT a drift
 Transformation #9 is NOT a drift
 Transformation #1 is NOT a drift
 Transformation #4 is NOT a drift
 Transformation #7 is NOT a drift
 Transformation #1 is NOT a drift
 Transformation #1 is NOT a drift
 Transformation #1 is NOT a drift
 Transformation #1 is NOT a drift
 Transformation #1 is NOT a drift
 Transformation #1 is NOT a drift
 Transformation #4 is NOT a drift
 Transformation #7 is NOT a drift
 Transformation #9 is NOT a drift
 Transformation #12 is NOT a drift
 Transformation #1 is NOT a drift
 Transformation #1 is NOT a drift
 Transformation #1 is NOT a drift
 Transformation #1 is NOT a drift
 Transformation #1 is NOT a drift
 Transformation #1 is NOT a drift
 Transformation #4 is NOT a drift
 Transformation #1 is NOT a drift
 Transformation #4 is NOT a drift
 Transformation #7 is NOT a drift
 Transformation #1 is NOT a drift
 Transformation #1 is NOT a drift
 Transformation #1 is NOT a drift
 Transformation #4 is NOT a drift
 Transformation #1 is NOT a drift
 Transformation #4 is NOT a drift
 Transformation #7 is NOT a drift
 Transformation #9 is NOT a drift
 Transformation #1 is NOT a drift
 Transformation #1 is NOT a drift
 Transformation #1 is NOT a drift
 Transformation #4 is NOT a drift
 Transformation #7 is NOT a drift
 Transformation #9 is NOT a drift
 Transformation #1 is NOT a drift
 Transformation #1 is NOT a drift
 Transformation #1 is NOT a drift
 Transformation #1 is NOT a drift
 Transformation #4 is NOT a drift
 Transformation #1 is NOT a drift
 Transformation #1 is NOT a drift
 Transformation #1 is NOT a drift
 Transformation #1 is NOT a drift
 Transformation #1 is NOT a drift
 Transformation #1 is NOT a drift
 Transformation #1 is NOT a drift
 Transformation #4 is NOT a drift
 Transformation #7 is NOT a drift
 Transformation #1 is NOT a drift
 Transformation #1 is NOT a drift
 Transformation #4 is NOT a drift
 Transformation #7 is NOT a drift
 Transformation #9 is NOT a drift
 Transformation #1 is NOT a drift
 Transformation #4 is NOT a drift
 Transformation #7 is NOT a drift
 Transformation #9 is NOT a drift
 Transformation #12 is NOT a drift
 Transformation #1 is NOT a drift
 Transformation #1 is NOT a drift
 Transformation #4 is NOT a drift
 Transformation #7 is NOT a drift
 Transformation #9 is NOT a drift
 Transformation #12 is NOT a drift
 Transformation #1 is NOT a drift
 Transformation #1 is NOT a drift
 Transformation #1 is NOT a drift
 Transformation #1 is NOT a drift
 Transformation #1 is NOT a drift
 Transformation #1 is NOT a drift
 Transformation #1 is NOT a drift
 Transformation #1 is NOT a drift
 Transformation #1 is NOT a drift
 Transformation #1 is NOT a drift
 Transformation #4 is NOT a drift
 Transformation #7 is NOT a drift
 Transformation #1 is NOT a drift
 Transformation #1 is NOT a drift
 Transformation #4 is NOT a drift
 Transformation #7 is NOT a drift
 Transformation #9 is NOT a drift
 Transformation #1 is NOT a drift
 Transformation #1 is NOT a drift
 Transformation #1 is NOT a drift
 Transformation #4 is NOT a drift
 Transformation #1 is NOT a drift
 Transformation #1 is NOT a drift
 Transformation #1 is NOT a drift
 Transformation #1 is NOT a drift
 Transformation #1 is NOT a drift
 Transformation #4 is NOT a drift
 Transformation #7 is NOT a drift
 Transformation #9 is NOT a drift
 Transformation #12 is NOT a drift
 Transformation #1 is NOT a drift
 Transformation #1 is NOT a drift
 Transformation #1 is NOT a drift
 Transformation #1 is NOT a drift
 Transformation #1 is NOT a drift
 Transformation #1 is NOT a drift
 Transformation #1 is NOT a drift
 Transformation #1 is NOT a drift
 Transformation #1 is NOT a drift
 Transformation #1 is NOT a drift
 Transformation #1 is NOT a drift
 Transformation #1 is NOT a drift
 Transformation #1 is NOT a drift
 Transformation #1 is NOT a drift
 Transformation #4 is NOT a drift
 Transformation #7 is NOT a drift
 Transformation #9 is NOT a drift
 Transformation #12 is NOT a drift
 Transformation #1 is NOT a drift
 Transformation #1 is NOT a drift
 Transformation #1 is NOT a drift
 Transformation #1 is NOT a drift
 Transformation #4 is NOT a drift
 Transformation #1 is NOT a drift
 Transformation #1 is NOT a drift
 Transformation #1 is NOT a drift
 Transformation #4 is NOT a drift
 Transformation #7 is NOT a drift
 Transformation #9 is NOT a drift
 Transformation #1 is NOT a drift
 Transformation #1 is NOT a drift
 Transformation #1 is NOT a drift
 Transformation #1 is NOT a drift
 Transformation #4 is NOT a drift
 Transformation #7 is NOT a drift
 Transformation #9 is NOT a drift
 Transformation #1 is NOT a drift
 Transformation #1 is NOT a drift
 Transformation #1 is NOT a drift
 Transformation #1 is NOT a drift
 Transformation #1 is NOT a drift
 Transformation #1 is NOT a drift
 Transformation #1 is NOT a drift
 Transformation #4 is NOT a drift
 Transformation #7 is NOT a drift
 Transformation #9 is NOT a drift
 Transformation #12 is NOT a drift
 Transformation #1 is NOT a drift
 Transformation #1 is NOT a drift
 Transformation #1 is NOT a drift
 Transformation #4 is NOT a drift
 Transformation #7 is NOT a drift
 Transformation #9 is NOT a drift
 Transformation #1 is NOT a drift
 Transformation #4 is NOT a drift
 Transformation #1 is NOT a drift
 Transformation #1 is NOT a drift
 Transformation #4 is NOT a drift
 Transformation #1 is NOT a drift
 Transformation #4 is NOT a drift
 Transformation #7 is NOT a drift
 Transformation #9 is NOT a drift
 Transformation #12 is NOT a drift
 Transformation #1 is NOT a drift
 Transformation #1 is NOT a drift
 Transformation #1 is NOT a drift
 Transformation #1 is NOT a drift
 Transformation #1 is NOT a drift
 Transformation #1 is NOT a drift
 Transformation #1 is NOT a drift
 Transformation #1 is NOT a drift
 Transformation #1 is NOT a drift
 Transformation #4 is NOT a drift
 Transformation #7 is NOT a drift
 Transformation #1 is NOT a drift
 Transformation #4 is NOT a drift
 Transformation #7 is NOT a drift
 Transformation #9 is NOT a drift
 Transformation #12 is NOT a drift
 Transformation #1 is NOT a drift
 Transformation #4 is NOT a drift
 Transformation #7 is NOT a drift
 Transformation #1 is NOT a drift
 Transformation #1 is NOT a drift
 Transformation #1 is NOT a drift
 Transformation #1 is NOT a drift
 Transformation #1 is NOT a drift
 Transformation #1 is NOT a drift
 Transformation #4 is NOT a drift
 Transformation #7 is NOT a drift
 Transformation #9 is NOT a drift
 Transformation #12 is NOT a drift
 Transformation #1 is NOT a drift
 Transformation #1 is NOT a drift
 Transformation #1 is NOT a drift
 Transformation #1 is NOT a drift
 Transformation #1 is NOT a drift
 Transformation #1 is NOT a drift
 Transformation #1 is NOT a drift
 Transformation #1 is NOT a drift
 Transformation #1 is NOT a drift
 Transformation #4 is NOT a drift
 Transformation #7 is NOT a drift
 Transformation #9 is NOT a drift
 Transformation #12 is NOT a drift
 Transformation #1 is NOT a drift
 Transformation #1 is NOT a drift
 Transformation #4 is NOT a drift
 Transformation #7 is NOT a drift
 Transformation #1 is NOT a drift
 Transformation #1 is NOT a drift
 Transformation #4 is NOT a drift
 Transformation #7 is NOT a drift
 Transformation #1 is NOT a drift
 Transformation #4 is NOT a drift
 Transformation #7 is NOT a drift
 Transformation #9 is NOT a drift
 Transformation #12 is NOT a drift
 Transformation #1 is NOT a drift
 Transformation #1 is NOT a drift
 Transformation #4 is NOT a drift
 Transformation #7 is NOT a drift
 Transformation #1 is NOT a drift
 Transformation #4 is NOT a drift
 Transformation #7 is NOT a drift
 Transformation #9 is NOT a drift
 Transformation #1 is NOT a drift
 Transformation #1 is NOT a drift
 Transformation #1 is NOT a drift
 Transformation #1 is NOT a drift
 Transformation #4 is NOT a drift
 Transformation #7 is NOT a drift
 Transformation #9 is NOT a drift
 Transformation #1 is NOT a drift
 Transformation #1 is NOT a drift
 Transformation #1 is NOT a drift
 Transformation #1 is NOT a drift
 Transformation #4 is NOT a drift
 Transformation #7 is NOT a drift
 Transformation #9 is NOT a drift
 Transformation #1 is NOT a drift
 Transformation #1 is NOT a drift
 Transformation #1 is NOT a drift
 Transformation #1 is NOT a drift
 Transformation #4 is NOT a drift
 Transformation #7 is NOT a drift
 Transformation #9 is NOT a drift
 Transformation #12 is NOT a drift
 Transformation #1 is NOT a drift
 Transformation #1 is NOT a drift
 Transformation #4 is NOT a drift
 Transformation #7 is NOT a drift
 Transformation #9 is NOT a drift
 Transformation #12 is NOT a drift
 Transformation #1 is NOT a drift
 Transformation #1 is NOT a drift
 Transformation #1 is NOT a drift
 Transformation #4 is NOT a drift
 Transformation #1 is NOT a drift
 Transformation #1 is NOT a drift
 Transformation #1 is NOT a drift
 Transformation #1 is NOT a drift
 Transformation #1 is NOT a drift
 Transformation #4 is NOT a drift
 Transformation #7 is NOT a drift
 Transformation #9 is NOT a drift
 Transformation #1 is NOT a drift
 Transformation #1 is NOT a drift
 Transformation #4 is NOT a drift
 Transformation #7 is NOT a drift
 Transformation #9 is NOT a drift
 Transformation #12 is NOT a drift
 Transformation #1 is NOT a drift
 Transformation #4 is NOT a drift
 Transformation #7 is NOT a drift
 Transformation #9 is NOT a drift
 Transformation #1 is NOT a drift
 Transformation #4 is NOT a drift
 Transformation #7 is NOT a drift
 Transformation #9 is NOT a drift
 Transformation #12 is NOT a drift
 Transformation #1 is NOT a drift
 Transformation #1 is NOT a drift
 Transformation #1 is NOT a drift
 Transformation #1 is NOT a drift
 Transformation #1 is NOT a drift
 Transformation #4 is NOT a drift
 Transformation #1 is NOT a drift
 Transformation #4 is NOT a drift
 Transformation #1 is NOT a drift
 Transformation #1 is NOT a drift
 Transformation #1 is NOT a drift
 Transformation #1 is NOT a drift
 Transformation #1 is NOT a drift
 Transformation #4 is NOT a drift
 Transformation #7 is NOT a drift
 Transformation #9 is NOT a drift
 Transformation #1 is NOT a drift
 Transformation #1 is NOT a drift
 Transformation #4 is NOT a drift
 Transformation #7 is NOT a drift
 Transformation #9 is NOT a drift
 Transformation #12 is NOT a drift
 Transformation #1 is NOT a drift
 Transformation #1 is NOT a drift
 Transformation #1 is NOT a drift
 Transformation #1 is NOT a drift
 Transformation #1 is NOT a drift
 Transformation #1 is NOT a drift
 Transformation #1 is NOT a drift
 Transformation #1 is NOT a drift
 Transformation #1 is NOT a drift
 Transformation #1 is NOT a drift
 Transformation #4 is NOT a drift
 Transformation #7 is NOT a drift
 Transformation #9 is NOT a drift
 Transformation #1 is NOT a drift
 Transformation #1 is NOT a drift
 Transformation #1 is NOT a drift
 Transformation #1 is NOT a drift
 Transformation #1 is NOT a drift
 Transformation #1 is NOT a drift
 Transformation #1 is NOT a drift
 Transformation #1 is NOT a drift
 Transformation #1 is NOT a drift
 Transformation #1 is NOT a drift
 Transformation #4 is NOT a drift
 Transformation #7 is NOT a drift
 Transformation #1 is NOT a drift
 Transformation #1 is NOT a drift
 Transformation #1 is NOT a drift
 Transformation #1 is NOT a drift
 Transformation #4 is NOT a drift
 Transformation #7 is NOT a drift
 Transformation #9 is NOT a drift
 Transformation #1 is NOT a drift
 Transformation #4 is NOT a drift
 Transformation #7 is NOT a drift
 Transformation #9 is NOT a drift
 Transformation #12 is NOT a drift
 Transformation #1 is NOT a drift
 Transformation #4 is NOT a drift
 Transformation #7 is NOT a drift
 Transformation #9 is NOT a drift
 Transformation #12 is NOT a drift
 Transformation #1 is NOT a drift
 Transformation #4 is NOT a drift
 Transformation #7 is NOT a drift
 Transformation #9 is NOT a drift
 Transformation #1 is NOT a drift
 Transformation #4 is NOT a drift
 Transformation #7 is NOT a drift
 Transformation #9 is NOT a drift
 Transformation #1 is NOT a drift
 Transformation #4 is NOT a drift
 Transformation #1 is NOT a drift
 Transformation #4 is NOT a drift
 Transformation #7 is NOT a drift
 Transformation #9 is NOT a drift
 Transformation #1 is NOT a drift
 Transformation #4 is NOT a drift
 Transformation #7 is NOT a drift
 Transformation #9 is NOT a drift
 Transformation #12 is NOT a drift
 Transformation #1 is NOT a drift
 Transformation #4 is NOT a drift
 Transformation #7 is NOT a drift
 Transformation #9 is NOT a drift
 Transformation #12 is NOT a drift
 Transformation #1 is NOT a drift
 Transformation #1 is NOT a drift
 Transformation #1 is NOT a drift
 Transformation #4 is NOT a drift
 Transformation #7 is NOT a drift
 Transformation #9 is NOT a drift
 Transformation #12 is NOT a drift
 Transformation #1 is NOT a drift
 Transformation #4 is NOT a drift
 Transformation #7 is NOT a drift
 Transformation #9 is NOT a drift
 Transformation #1 is NOT a drift
 Transformation #1 is NOT a drift
 Transformation #4 is NOT a drift
 Transformation #1 is NOT a drift
 Transformation #1 is NOT a drift
 Transformation #1 is NOT a drift
 Transformation #1 is NOT a drift
 Transformation #4 is NOT a drift
 Transformation #7 is NOT a drift
 Transformation #9 is NOT a drift
 Transformation #1 is NOT a drift
 Transformation #4 is NOT a drift
 Transformation #7 is NOT a drift
 Transformation #9 is NOT a drift
 Transformation #1 is NOT a drift
 Transformation #4 is NOT a drift
 Transformation #7 is NOT a drift
 Transformation #9 is NOT a drift
 Transformation #1 is NOT a drift
 Transformation #4 is NOT a drift
 Transformation #7 is NOT a drift
 Transformation #9 is NOT a drift
 Transformation #1 is NOT a drift
 Transformation #1 is NOT a drift
 Transformation #1 is NOT a drift
 Transformation #1 is NOT a drift
 Transformation #1 is NOT a drift
 Transformation #4 is NOT a drift
 Transformation #7 is NOT a drift
 Transformation #9 is NOT a drift
 Transformation #1 is NOT a drift
 Transformation #1 is NOT a drift
 Transformation #1 is NOT a drift
 Transformation #1 is NOT a drift
 Transformation #1 is NOT a drift
 Transformation #1 is NOT a drift
 Transformation #1 is NOT a drift
 Transformation #4 is NOT a drift
 Transformation #7 is NOT a drift
 Transformation #9 is NOT a drift
 Transformation #12 is NOT a drift
 Transformation #1 is NOT a drift
 Transformation #4 is NOT a drift
 Transformation #7 is NOT a drift
 Transformation #9 is NOT a drift
 Transformation #1 is NOT a drift
 Transformation #1 is NOT a drift
 Transformation #1 is NOT a drift
 Transformation #1 is NOT a drift
 Transformation #1 is NOT a drift
 Transformation #4 is NOT a drift
 Transformation #7 is NOT a drift
 Transformation #9 is NOT a drift
 Transformation #12 is NOT a drift
 Transformation #1 is NOT a drift
 Transformation #4 is NOT a drift
 Transformation #7 is NOT a drift
 Transformation #9 is NOT a drift
 Transformation #1 is NOT a drift
 Transformation #1 is NOT a drift
 Transformation #1 is NOT a drift
 Transformation #1 is NOT a drift
 Transformation #1 is NOT a drift
 Transformation #1 is NOT a drift
 Transformation #4 is NOT a drift
 Transformation #7 is NOT a drift
 Transformation #1 is NOT a drift
 Transformation #4 is NOT a drift
 Transformation #1 is NOT a drift
 Transformation #1 is NOT a drift
 Transformation #1 is NOT a drift
 Transformation #1 is NOT a drift
 Transformation #1 is NOT a drift
 Transformation #4 is NOT a drift
 Transformation #7 is NOT a drift
 Transformation #9 is NOT a drift
 Transformation #1 is NOT a drift
 Transformation #1 is NOT a drift
 Transformation #4 is NOT a drift
 Transformation #7 is NOT a drift
 Transformation #9 is NOT a drift
 Transformation #12 is NOT a drift
 Transformation #1 is NOT a drift
 Transformation #1 is NOT a drift
 Transformation #4 is NOT a drift
 Transformation #7 is NOT a drift
 Transformation #9 is NOT a drift
 Transformation #1 is NOT a drift
 Transformation #1 is NOT a drift
 Transformation #1 is NOT a drift
 Transformation #4 is NOT a drift
 Transformation #7 is NOT a drift
 Transformation #9 is NOT a drift
 Transformation #12 is NOT a drift
 Transformation #1 is NOT a drift
 Transformation #1 is NOT a drift
 Transformation #1 is NOT a drift
 Transformation #1 is NOT a drift
 Transformation #4 is NOT a drift
 Transformation #1 is NOT a drift
 Transformation #1 is NOT a drift
 Transformation #1 is NOT a drift
 Transformation #1 is NOT a drift
 Transformation #1 is NOT a drift
 Transformation #4 is NOT a drift
 Transformation #1 is NOT a drift
 Transformation #1 is NOT a drift
 Transformation #1 is NOT a drift
 Transformation #1 is NOT a drift
 Transformation #1 is NOT a drift
 Transformation #1 is NOT a drift
 Transformation #1 is NOT a drift
 Transformation #1 is NOT a drift
 Transformation #1 is NOT a drift
 Transformation #4 is NOT a drift
 Transformation #7 is NOT a drift
 Transformation #9 is NOT a drift
 Transformation #12 is NOT a drift
 Transformation #1 is NOT a drift
 Transformation #4 is NOT a drift
 Transformation #1 is NOT a drift
 Transformation #4 is NOT a drift
 Transformation #7 is NOT a drift
 Transformation #9 is NOT a drift
 Transformation #12 is NOT a drift
 Transformation #1 is NOT a drift
 Transformation #4 is NOT a drift
 Transformation #7 is NOT a drift
 Transformation #9 is NOT a drift
 Transformation #12 is NOT a drift
 Transformation #1 is NOT a drift
 Transformation #4 is NOT a drift
 Transformation #7 is NOT a drift
 Transformation #9 is NOT a drift
 Transformation #12 is NOT a drift
 Transformation #1 is NOT a drift
 Transformation #1 is NOT a drift
 Transformation #1 is NOT a drift
 Transformation #1 is NOT a drift
 Transformation #4 is NOT a drift
 Transformation #7 is NOT a drift
 Transformation #9 is NOT a drift
 Transformation #12 is NOT a drift
 Transformation #1 is NOT a drift
 Transformation #1 is NOT a drift
 Transformation #1 is NOT a drift
 Transformation #1 is NOT a drift
 Transformation #1 is NOT a drift
 Transformation #1 is NOT a drift
 Transformation #1 is NOT a drift
 Transformation #4 is NOT a drift
 Transformation #7 is NOT a drift
 Transformation #9 is NOT a drift
 Transformation #1 is NOT a drift
 Transformation #1 is NOT a drift
 Transformation #1 is NOT a drift
 Transformation #4 is NOT a drift
 Transformation #7 is NOT a drift
 Transformation #1 is NOT a drift
 Transformation #4 is NOT a drift
 Transformation #7 is NOT a drift
 Transformation #9 is NOT a drift
 Transformation #12 is NOT a drift
 Transformation #1 is NOT a drift
 Transformation #1 is NOT a drift
 Transformation #4 is NOT a drift
 Transformation #7 is NOT a drift
 Transformation #1 is NOT a drift
 Transformation #1 is NOT a drift
 Transformation #1 is NOT a drift
 Random state saved to infiles/rand.dat
 Elapsed time =   2.73437500E-02  seconds
  
        1000  Trials          62  Successes
DPP ave error, resolution =     0.19676587E-01    0.24491964E-01 %
DTH ave error, resolution =    -0.18481911        0.85502368     mr
DPH ave error, resolution =    -0.52630817E-01     3.3072923     mr
ZTG ave error, resolution =     0.10678417        0.23150400     cm
